<?xml version="1.0" encoding="UTF-8"?>
<!-- Generated by org.testng.reporters.JUnitXMLReporter -->
<testsuite ignored="0" hostname="DESKTOP-3HDS7VK" failures="1" tests="1" name="edge" time="35.356" errors="0" timestamp="16 Mar 2021 18:15:56 GMT">
  <testcase classname="testng.tasks.TestNgTaskForClarification" name="crossBrowserExecution" time="35.265">
    <failure type="org.openqa.selenium.WebDriverException" message="unknown error: cannot find MSEdge binary
Build info: version: &amp;apos;3.141.59&amp;apos;, revision: &amp;apos;e82be7d358&amp;apos;, time: &amp;apos;2018-11-14T08:17:03&amp;apos;
System info: host: &amp;apos;DESKTOP-3HDS7VK&amp;apos;, ip: &amp;apos;192.168.31.116&amp;apos;, os.name: &amp;apos;Windows 10&amp;apos;, os.arch: &amp;apos;amd64&amp;apos;, os.version: &amp;apos;10.0&amp;apos;, java.version: &amp;apos;15.0.1&amp;apos;
Driver info: driver.version: EdgeDriver
remote stacktrace: Backtrace:
	Ordinal0 [0x00007FF6EE2A98D2+170194]
	GetHandleVerifier [0x00007FF6EEA0C238+2219656]
	GetHandleVerifier [0x00007FF6EEA2C0C9+2350361]
	GetHandleVerifier [0x00007FF6EEA29628+2339448]
	GetHandleVerifier [0x00007FF6EEA5B1E0+2543152]
	GetHandleVerifier [0x00007FF6EEA572EF+2527039]
	GetHandleVerifier [0x00007FF6EEA34F1A+2386794]
	GetHandleVerifier [0x00007FF6EEA35B5B+2389931]
	Ordinal0 [0x00007FF6EE2C38C1+276673]
	GetHandleVerifier [0x00007FF6EEAD7060+3050672]
	GetHandleVerifier [0x00007FF6EEAD9D7E+3062222]
	GetHandleVerifier [0x00007FF6EEAD78E8+3052856]
	Ordinal0 [0x00007FF6EE413410+1651728]
	Ordinal0 [0x00007FF6EE411C58+1645656]
	Ordinal0 [0x00007FF6EE3F3770+1521520]
	BaseThreadInitThunk [0x00007FFDE5E78102+34]
	RtlUserThreadStart [0x00007FFDE811C5B4+52]
">
      <![CDATA[org.openqa.selenium.WebDriverException: unknown error: cannot find MSEdge binary
Build info: version: '3.141.59', revision: 'e82be7d358', time: '2018-11-14T08:17:03'
System info: host: 'DESKTOP-3HDS7VK', ip: '192.168.31.116', os.name: 'Windows 10', os.arch: 'amd64', os.version: '10.0', java.version: '15.0.1'
Driver info: driver.version: EdgeDriver
remote stacktrace: Backtrace:
Ordinal0 [0x00007FF6EE2A98D2+170194]
GetHandleVerifier [0x00007FF6EEA0C238+2219656]
GetHandleVerifier [0x00007FF6EEA2C0C9+2350361]
GetHandleVerifier [0x00007FF6EEA29628+2339448]
GetHandleVerifier [0x00007FF6EEA5B1E0+2543152]
GetHandleVerifier [0x00007FF6EEA572EF+2527039]
GetHandleVerifier [0x00007FF6EEA34F1A+2386794]
GetHandleVerifier [0x00007FF6EEA35B5B+2389931]
Ordinal0 [0x00007FF6EE2C38C1+276673]
GetHandleVerifier [0x00007FF6EEAD7060+3050672]
GetHandleVerifier [0x00007FF6EEAD9D7E+3062222]
GetHandleVerifier [0x00007FF6EEAD78E8+3052856]
Ordinal0 [0x00007FF6EE413410+1651728]
Ordinal0 [0x00007FF6EE411C58+1645656]
Ordinal0 [0x00007FF6EE3F3770+1521520]
BaseThreadInitThunk [0x00007FFDE5E78102+34]
RtlUserThreadStart [0x00007FFDE811C5B4+52]

at org.openqa.selenium.remote.W3CHandshakeResponse.lambda$errorHandler$0(W3CHandshakeResponse.java:62)
at org.openqa.selenium.remote.HandshakeResponse.lambda$getResponseFunction$0(HandshakeResponse.java:30)
at org.openqa.selenium.remote.ProtocolHandshake.lambda$createSession$0(ProtocolHandshake.java:126)
at java.base/java.util.stream.ReferencePipeline$3$1.accept(ReferencePipeline.java:195)
at java.base/java.util.Spliterators$ArraySpliterator.tryAdvance(Spliterators.java:958)
at java.base/java.util.stream.ReferencePipeline.forEachWithCancel(ReferencePipeline.java:127)
at java.base/java.util.stream.AbstractPipeline.copyIntoWithCancel(AbstractPipeline.java:502)
at java.base/java.util.stream.AbstractPipeline.copyInto(AbstractPipeline.java:488)
at java.base/java.util.stream.AbstractPipeline.wrapAndCopyInto(AbstractPipeline.java:474)
at java.base/java.util.stream.FindOps$FindOp.evaluateSequential(FindOps.java:150)
at java.base/java.util.stream.AbstractPipeline.evaluate(AbstractPipeline.java:234)
at java.base/java.util.stream.ReferencePipeline.findFirst(ReferencePipeline.java:543)
at org.openqa.selenium.remote.ProtocolHandshake.createSession(ProtocolHandshake.java:128)
at org.openqa.selenium.remote.ProtocolHandshake.createSession(ProtocolHandshake.java:74)
at org.openqa.selenium.remote.HttpCommandExecutor.execute(HttpCommandExecutor.java:136)
at org.openqa.selenium.remote.service.DriverCommandExecutor.execute(DriverCommandExecutor.java:83)
at org.openqa.selenium.remote.RemoteWebDriver.execute(RemoteWebDriver.java:552)
at org.openqa.selenium.remote.RemoteWebDriver.startSession(RemoteWebDriver.java:213)
at org.openqa.selenium.remote.RemoteWebDriver.<init>(RemoteWebDriver.java:131)
at org.openqa.selenium.edge.EdgeDriver.<init>(EdgeDriver.java:141)
at org.openqa.selenium.edge.EdgeDriver.<init>(EdgeDriver.java:96)
at testng.tasks.TestNgTaskForClarification.crossBrowserExecution(TestNgTaskForClarification.java:57)
at java.base/java.util.concurrent.FutureTask.run(FutureTask.java:264)
at java.base/java.util.concurrent.ThreadPoolExecutor.runWorker(ThreadPoolExecutor.java:1130)
at java.base/java.util.concurrent.ThreadPoolExecutor$Worker.run(ThreadPoolExecutor.java:630)
at java.base/java.lang.Thread.run(Thread.java:832)
... Removed 21 stack frames]]>
    </failure>
  </testcase> <!-- crossBrowserExecution -->
</testsuite> <!-- edge -->
